Added Component: Designator=C5(RAD-0.1)
Added Component: Designator=P2(HDR2X5)
Added Component: Designator=P5(HDR2X5)
Added Component: Designator=P8(HDR1X4)
Added Component: Designator=P9(HDR1X4)
Added Component: Designator=P13(HDR1X3)
Added Component: Designator=P14(HDR1X3)
Added Component: Designator=P15(HDR1X3)
Added Component: Designator=Q4(SOT23_M)
Added Component: Designator=R5(AXIAL-0.3)
Added Component: Designator=U1(DIP30)
Added Component: Designator=U3(TO-92)
Added Component: Designator=U4(TO-92)
Added Component: Designator=U5(TO-92)
Added Pin To Net: NetName=5V Pin=C5-2
Added Pin To Net: NetName=5V Pin=P5-1
Added Pin To Net: NetName=5V Pin=P5-2
Added Pin To Net: NetName=5V Pin=P5-3
Added Pin To Net: NetName=5V Pin=P9-1
Added Pin To Net: NetName=5V Pin=Q4-2
Added Pin To Net: NetName=5V Pin=R5-2
Added Pin To Net: NetName=5V Pin=U1-30
Added Pin To Net: NetName=5V Pin=U3-3
Added Pin To Net: NetName=5V Pin=U4-3
Added Pin To Net: NetName=5V Pin=U5-3
Added Net: Name=5V
Added Pin To Net: NetName=DGND Pin=C5-1
Added Pin To Net: NetName=DGND Pin=P2-8
Added Pin To Net: NetName=DGND Pin=P2-9
Added Pin To Net: NetName=DGND Pin=P2-10
Added Pin To Net: NetName=DGND Pin=P5-8
Added Pin To Net: NetName=DGND Pin=P5-9
Added Pin To Net: NetName=DGND Pin=P5-10
Added Pin To Net: NetName=DGND Pin=P8-4
Added Pin To Net: NetName=DGND Pin=P9-4
Added Pin To Net: NetName=DGND Pin=P13-3
Added Pin To Net: NetName=DGND Pin=P14-3
Added Pin To Net: NetName=DGND Pin=P15-3
Added Pin To Net: NetName=DGND Pin=U1-3
Added Pin To Net: NetName=DGND Pin=U1-4
Added Pin To Net: NetName=DGND Pin=U1-28
Added Pin To Net: NetName=DGND Pin=U1-29
Added Pin To Net: NetName=DGND Pin=U3-1
Added Pin To Net: NetName=DGND Pin=U4-1
Added Pin To Net: NetName=DGND Pin=U5-1
Added Net: Name=DGND
Added Pin To Net: NetName=NetP2_3 Pin=P2-3
Added Pin To Net: NetName=NetP2_3 Pin=U1-22
Added Net: Name=NetP2_3
Added Pin To Net: NetName=NetP2_5 Pin=P2-5
Added Pin To Net: NetName=NetP2_5 Pin=U1-25
Added Net: Name=NetP2_5
Added Pin To Net: NetName=NetP2_6 Pin=P2-6
Added Pin To Net: NetName=NetP2_6 Pin=U1-8
Added Net: Name=NetP2_6
Added Pin To Net: NetName=NetP2_7 Pin=P2-7
Added Pin To Net: NetName=NetP2_7 Pin=U1-26
Added Net: Name=NetP2_7
Added Pin To Net: NetName=NetP5_4 Pin=P5-4
Added Pin To Net: NetName=NetP5_4 Pin=U1-11
Added Net: Name=NetP5_4
Added Pin To Net: NetName=NetP5_5 Pin=P5-5
Added Pin To Net: NetName=NetP5_5 Pin=U1-9
Added Net: Name=NetP5_5
Added Pin To Net: NetName=NetP5_7 Pin=P5-7
Added Pin To Net: NetName=NetP5_7 Pin=U1-10
Added Net: Name=NetP5_7
Added Pin To Net: NetName=NetP8_1 Pin=P8-1
Added Pin To Net: NetName=NetP8_1 Pin=Q4-1
Added Net: Name=NetP8_1
Added Pin To Net: NetName=NetP8_2 Pin=P8-2
Added Pin To Net: NetName=NetP8_2 Pin=U1-24
Added Net: Name=NetP8_2
Added Pin To Net: NetName=NetP8_3 Pin=P8-3
Added Pin To Net: NetName=NetP8_3 Pin=U1-23
Added Net: Name=NetP8_3
Added Pin To Net: NetName=NetP9_2 Pin=P9-2
Added Pin To Net: NetName=NetP9_2 Pin=U1-1
Added Net: Name=NetP9_2
Added Pin To Net: NetName=NetP9_3 Pin=P9-3
Added Pin To Net: NetName=NetP9_3 Pin=U1-2
Added Net: Name=NetP9_3
Added Pin To Net: NetName=NetP13_2 Pin=P13-2
Added Pin To Net: NetName=NetP13_2 Pin=U1-12
Added Net: Name=NetP13_2
Added Pin To Net: NetName=NetP14_2 Pin=P14-2
Added Pin To Net: NetName=NetP14_2 Pin=U1-13
Added Net: Name=NetP14_2
Added Pin To Net: NetName=NetP15_2 Pin=P15-2
Added Pin To Net: NetName=NetP15_2 Pin=U1-14
Added Net: Name=NetP15_2
Added Pin To Net: NetName=NetQ4_3 Pin=Q4-3
Added Pin To Net: NetName=NetQ4_3 Pin=R5-1
Added Pin To Net: NetName=NetQ4_3 Pin=U1-15
Added Net: Name=NetQ4_3
Added Pin To Net: NetName=NetU1_19 Pin=U1-19
Added Pin To Net: NetName=NetU1_19 Pin=U5-2
Added Net: Name=NetU1_19
Added Pin To Net: NetName=NetU1_20 Pin=U1-20
Added Pin To Net: NetName=NetU1_20 Pin=U4-2
Added Net: Name=NetU1_20
Added Pin To Net: NetName=NetU1_21 Pin=U1-21
Added Pin To Net: NetName=NetU1_21 Pin=U3-2
Added Net: Name=NetU1_21
Added Class: Name=ROV_PCB_3
Added Room: Name=ROV_PCB_3
